<?xml version="1.0" encoding="UTF-8"?>
<!-- Generated by org.testng.reporters.JUnitReportReporter -->
<testsuite hostname="PC" failures="0" tests="1" name="com.herokuapp.restfulbooker.HealthCheckTest" time="1.953" errors="0" timestamp="2024-02-23T15:53:59 EET" skipped="0">
  <testcase classname="com.herokuapp.restfulbooker.HealthCheckTest" name="healthCheckTest" time="1.953"/>
</testsuite> <!-- com.herokuapp.restfulbooker.HealthCheckTest -->
